2015-08-03 20:25:53,389 DEBUG (org.springframework.core.env.StandardEnvironment) - Adding [systemProperties] PropertySource with lowest search precedence
2015-08-03 20:25:53,392 DEBUG (org.springframework.core.env.StandardEnvironment) - Adding [systemEnvironment] PropertySource with lowest search precedence
2015-08-03 20:25:53,392 DEBUG (org.springframework.core.env.StandardEnvironment) - Initialized StandardEnvironment with PropertySources [systemProperties,systemEnvironment]
2015-08-03 20:25:53,396 INFO  (org.springframework.context.support.ClassPathXmlApplicationContext) - Refreshing org.springframework.context.support.ClassPathXmlApplicationContext@6628ad5a: startup date [Mon Aug 03 20:25:53 CST 2015]; root of context hierarchy
2015-08-03 20:25:53,436 DEBUG (org.springframework.core.env.StandardEnvironment) - Adding [systemProperties] PropertySource with lowest search precedence
2015-08-03 20:25:53,436 DEBUG (org.springframework.core.env.StandardEnvironment) - Adding [systemEnvironment] PropertySource with lowest search precedence
2015-08-03 20:25:53,436 DEBUG (org.springframework.core.env.StandardEnvironment) - Initialized StandardEnvironment with PropertySources [systemProperties,systemEnvironment]
2015-08-03 20:25:53,449 INFO  (org.springframework.beans.factory.xml.XmlBeanDefinitionReader) - Loading XML bean definitions from class path resource [aspectj.xml]
2015-08-03 20:25:53,464 DEBUG (org.springframework.beans.factory.xml.DefaultDocumentLoader) - Using JAXP provider [com.sun.org.apache.xerces.internal.jaxp.DocumentBuilderFactoryImpl]
2015-08-03 20:25:53,512 DEBUG (org.springframework.beans.factory.xml.PluggableSchemaResolver) - Loading schema mappings from [META-INF/spring.schemas]
2015-08-03 20:25:53,518 DEBUG (org.springframework.beans.factory.xml.PluggableSchemaResolver) - Loaded schema mappings: {http://www.springframework.org/schema/util/spring-util.xsd=org/springframework/beans/factory/xml/spring-util-4.0.xsd, http://www.springframework.org/schema/jee/spring-jee-3.2.xsd=org/springframework/ejb/config/spring-jee-3.2.xsd, http://www.springframework.org/schema/beans/spring-beans-3.1.xsd=org/springframework/beans/factory/xml/spring-beans-3.1.xsd, http://www.springframework.org/schema/task/spring-task.xsd=org/springframework/scheduling/config/spring-task-4.0.xsd, http://www.springframework.org/schema/cache/spring-cache.xsd=org/springframework/cache/config/spring-cache-4.0.xsd, http://www.springframework.org/schema/aop/spring-aop-3.0.xsd=org/springframework/aop/config/spring-aop-3.0.xsd, http://www.springframework.org/schema/task/spring-task-3.1.xsd=org/springframework/scheduling/config/spring-task-3.1.xsd, http://www.springframework.org/schema/aop/spring-aop-2.0.xsd=org/springframework/aop/config/spring-aop-2.0.xsd, http://www.springframework.org/schema/aop/spring-aop-4.0.xsd=org/springframework/aop/config/spring-aop-4.0.xsd, http://www.springframework.org/schema/tool/spring-tool-2.5.xsd=org/springframework/beans/factory/xml/spring-tool-2.5.xsd, http://www.springframework.org/schema/beans/spring-beans.xsd=org/springframework/beans/factory/xml/spring-beans-4.0.xsd, http://www.springframework.org/schema/jee/spring-jee-2.5.xsd=org/springframework/ejb/config/spring-jee-2.5.xsd, http://www.springframework.org/schema/tool/spring-tool-3.1.xsd=org/springframework/beans/factory/xml/spring-tool-3.1.xsd, http://www.springframework.org/schema/aop/spring-aop.xsd=org/springframework/aop/config/spring-aop-4.0.xsd, http://www.springframework.org/schema/jee/spring-jee-3.1.xsd=org/springframework/ejb/config/spring-jee-3.1.xsd, http://www.springframework.org/schema/context/spring-context-3.2.xsd=org/springframework/context/config/spring-context-3.2.xsd, http://www.springframework.org/schema/util/spring-util-3.2.xsd=org/springframework/beans/factory/xml/spring-util-3.2.xsd, http://www.springframework.org/schema/beans/spring-beans-2.0.xsd=org/springframework/beans/factory/xml/spring-beans-2.0.xsd, http://www.springframework.org/schema/beans/spring-beans-4.0.xsd=org/springframework/beans/factory/xml/spring-beans-4.0.xsd, http://www.springframework.org/schema/lang/spring-lang-3.2.xsd=org/springframework/scripting/config/spring-lang-3.2.xsd, http://www.springframework.org/schema/beans/spring-beans-3.0.xsd=org/springframework/beans/factory/xml/spring-beans-3.0.xsd, http://www.springframework.org/schema/cache/spring-cache-3.2.xsd=org/springframework/cache/config/spring-cache-3.2.xsd, http://www.springframework.org/schema/task/spring-task-3.0.xsd=org/springframework/scheduling/config/spring-task-3.0.xsd, http://www.springframework.org/schema/task/spring-task-4.0.xsd=org/springframework/scheduling/config/spring-task-4.0.xsd, http://www.springframework.org/schema/context/spring-context-2.5.xsd=org/springframework/context/config/spring-context-2.5.xsd, http://www.springframework.org/schema/tool/spring-tool-3.0.xsd=org/springframework/beans/factory/xml/spring-tool-3.0.xsd, http://www.springframework.org/schema/util/spring-util-2.5.xsd=org/springframework/beans/factory/xml/spring-util-2.5.xsd, http://www.springframework.org/schema/tool/spring-tool-2.0.xsd=org/springframework/beans/factory/xml/spring-tool-2.0.xsd, http://www.springframework.org/schema/lang/spring-lang.xsd=org/springframework/scripting/config/spring-lang-4.0.xsd, http://www.springframework.org/schema/tool/spring-tool-4.0.xsd=org/springframework/beans/factory/xml/spring-tool-4.0.xsd, http://www.springframework.org/schema/lang/spring-lang-2.5.xsd=org/springframework/scripting/config/spring-lang-2.5.xsd, http://www.springframework.org/schema/aop/spring-aop-3.2.xsd=org/springframework/aop/config/spring-aop-3.2.xsd, http://www.springframework.org/schema/jee/spring-jee-3.0.xsd=org/springframework/ejb/config/spring-jee-3.0.xsd, http://www.springframework.org/schema/jee/spring-jee-2.0.xsd=org/springframework/ejb/config/spring-jee-2.0.xsd, http://www.springframework.org/schema/context/spring-context-3.1.xsd=org/springframework/context/config/spring-context-3.1.xsd, http://www.springframework.org/schema/jee/spring-jee-4.0.xsd=org/springframework/ejb/config/spring-jee-4.0.xsd, http://www.springframework.org/schema/util/spring-util-3.1.xsd=org/springframework/beans/factory/xml/spring-util-3.1.xsd, http://www.springframework.org/schema/lang/spring-lang-3.1.xsd=org/springframework/scripting/config/spring-lang-3.1.xsd, http://www.springframework.org/schema/cache/spring-cache-3.1.xsd=org/springframework/cache/config/spring-cache-3.1.xsd, http://www.springframework.org/schema/context/spring-context.xsd=org/springframework/context/config/spring-context-4.0.xsd, http://www.springframework.org/schema/jee/spring-jee.xsd=org/springframework/ejb/config/spring-jee-4.0.xsd, http://www.springframework.org/schema/aop/spring-aop-2.5.xsd=org/springframework/aop/config/spring-aop-2.5.xsd, http://www.springframework.org/schema/beans/spring-beans-3.2.xsd=org/springframework/beans/factory/xml/spring-beans-3.2.xsd, http://www.springframework.org/schema/aop/spring-aop-3.1.xsd=org/springframework/aop/config/spring-aop-3.1.xsd, http://www.springframework.org/schema/task/spring-task-3.2.xsd=org/springframework/scheduling/config/spring-task-3.2.xsd, http://www.springframework.org/schema/context/spring-context-4.0.xsd=org/springframework/context/config/spring-context-4.0.xsd, http://www.springframework.org/schema/context/spring-context-3.0.xsd=org/springframework/context/config/spring-context-3.0.xsd, http://www.springframework.org/schema/tool/spring-tool.xsd=org/springframework/beans/factory/xml/spring-tool-4.0.xsd, http://www.springframework.org/schema/util/spring-util-3.0.xsd=org/springframework/beans/factory/xml/spring-util-3.0.xsd, http://www.springframework.org/schema/util/spring-util-2.0.xsd=org/springframework/beans/factory/xml/spring-util-2.0.xsd, http://www.springframework.org/schema/lang/spring-lang-3.0.xsd=org/springframework/scripting/config/spring-lang-3.0.xsd, http://www.springframework.org/schema/util/spring-util-4.0.xsd=org/springframework/beans/factory/xml/spring-util-4.0.xsd, http://www.springframework.org/schema/lang/spring-lang-2.0.xsd=org/springframework/scripting/config/spring-lang-2.0.xsd, http://www.springframework.org/schema/cache/spring-cache-4.0.xsd=org/springframework/cache/config/spring-cache-4.0.xsd, http://www.springframework.org/schema/lang/spring-lang-4.0.xsd=org/springframework/scripting/config/spring-lang-4.0.xsd, http://www.springframework.org/schema/tool/spring-tool-3.2.xsd=org/springframework/beans/factory/xml/spring-tool-3.2.xsd, http://www.springframework.org/schema/beans/spring-beans-2.5.xsd=org/springframework/beans/factory/xml/spring-beans-2.5.xsd}
2015-08-03 20:25:53,520 DEBUG (org.springframework.beans.factory.xml.PluggableSchemaResolver) - Found XML schema [http://www.springframework.org/schema/beans/spring-beans-4.0.xsd] in classpath: org/springframework/beans/factory/xml/spring-beans-4.0.xsd
2015-08-03 20:25:53,600 DEBUG (org.springframework.beans.factory.xml.PluggableSchemaResolver) - Found XML schema [http://www.springframework.org/schema/context/spring-context-4.0.xsd] in classpath: org/springframework/context/config/spring-context-4.0.xsd
2015-08-03 20:25:53,612 DEBUG (org.springframework.beans.factory.xml.PluggableSchemaResolver) - Found XML schema [http://www.springframework.org/schema/tool/spring-tool-4.0.xsd] in classpath: org/springframework/beans/factory/xml/spring-tool-4.0.xsd
2015-08-03 20:25:53,628 DEBUG (org.springframework.beans.factory.xml.PluggableSchemaResolver) - Found XML schema [http://www.springframework.org/schema/aop/spring-aop-4.0.xsd] in classpath: org/springframework/aop/config/spring-aop-4.0.xsd
2015-08-03 20:25:53,645 DEBUG (org.springframework.beans.factory.xml.DefaultBeanDefinitionDocumentReader) - Loading bean definitions
2015-08-03 20:25:53,661 DEBUG (org.springframework.beans.factory.xml.DefaultNamespaceHandlerResolver) - Loaded NamespaceHandler mappings: {http://www.springframework.org/schema/p=org.springframework.beans.factory.xml.SimplePropertyNamespaceHandler, http://www.springframework.org/schema/util=org.springframework.beans.factory.xml.UtilNamespaceHandler, http://www.springframework.org/schema/jee=org.springframework.ejb.config.JeeNamespaceHandler, http://www.springframework.org/schema/aop=org.springframework.aop.config.AopNamespaceHandler, http://www.springframework.org/schema/cache=org.springframework.cache.config.CacheNamespaceHandler, http://www.springframework.org/schema/c=org.springframework.beans.factory.xml.SimpleConstructorNamespaceHandler, http://www.springframework.org/schema/task=org.springframework.scheduling.config.TaskNamespaceHandler, http://www.springframework.org/schema/lang=org.springframework.scripting.config.LangNamespaceHandler, http://www.springframework.org/schema/context=org.springframework.context.config.ContextNamespaceHandler}
2015-08-03 20:25:53,740 DEBUG (org.springframework.core.env.StandardEnvironment) - Adding [systemProperties] PropertySource with lowest search precedence
2015-08-03 20:25:53,740 DEBUG (org.springframework.core.env.StandardEnvironment) - Adding [systemEnvironment] PropertySource with lowest search precedence
2015-08-03 20:25:53,741 DEBUG (org.springframework.core.env.StandardEnvironment) - Initialized StandardEnvironment with PropertySources [systemProperties,systemEnvironment]
2015-08-03 20:25:53,762 DEBUG (org.springframework.core.io.support.PathMatchingResourcePatternResolver) - Looking for matching resources in directory tree [/Users/wangyingbo/workspace/Spring/target/classes/springaop]
2015-08-03 20:25:53,763 DEBUG (org.springframework.core.io.support.PathMatchingResourcePatternResolver) - Searching directory [/Users/wangyingbo/workspace/Spring/target/classes/springaop] for files matching pattern [/Users/wangyingbo/workspace/Spring/target/classes/springaop/**/*.class]
2015-08-03 20:25:53,766 DEBUG (org.springframework.core.io.support.PathMatchingResourcePatternResolver) - Resolved location pattern [classpath*:springaop/**/*.class] to resources [file [/Users/wangyingbo/workspace/Spring/target/classes/springaop/AOPTest.class], file [/Users/wangyingbo/workspace/Spring/target/classes/springaop/AuthAspect.class], file [/Users/wangyingbo/workspace/Spring/target/classes/springaop/Hello.class], file [/Users/wangyingbo/workspace/Spring/target/classes/springaop/HelloImpl.class], file [/Users/wangyingbo/workspace/Spring/target/classes/springaop/LogAspect.class], file [/Users/wangyingbo/workspace/Spring/target/classes/springaop/World.class], file [/Users/wangyingbo/workspace/Spring/target/classes/springaop/WorldImpl.class]]
2015-08-03 20:25:53,799 DEBUG (org.springframework.context.annotation.ClassPathBeanDefinitionScanner) - Identified candidate component class: file [/Users/wangyingbo/workspace/Spring/target/classes/springaop/AuthAspect.class]
2015-08-03 20:25:53,800 DEBUG (org.springframework.context.annotation.ClassPathBeanDefinitionScanner) - Identified candidate component class: file [/Users/wangyingbo/workspace/Spring/target/classes/springaop/HelloImpl.class]
2015-08-03 20:25:53,803 DEBUG (org.springframework.context.annotation.ClassPathBeanDefinitionScanner) - Identified candidate component class: file [/Users/wangyingbo/workspace/Spring/target/classes/springaop/LogAspect.class]
2015-08-03 20:25:53,804 DEBUG (org.springframework.context.annotation.ClassPathBeanDefinitionScanner) - Identified candidate component class: file [/Users/wangyingbo/workspace/Spring/target/classes/springaop/WorldImpl.class]
2015-08-03 20:25:53,846 DEBUG (org.springframework.beans.factory.xml.XmlBeanDefinitionReader) - Loaded 9 bean definitions from location pattern [aspectj.xml]
2015-08-03 20:25:53,846 DEBUG (org.springframework.context.support.ClassPathXmlApplicationContext) - Bean factory for org.springframework.context.support.ClassPathXmlApplicationContext@6628ad5a: org.springframework.beans.factory.support.DefaultListableBeanFactory@29a3a9db: defining beans [authAspect,hello,logAspect,world,org.springframework.context.annotation.internalConfigurationAnnotationProcessor,org.springframework.context.annotation.internalAutowiredAnnotationProcessor,org.springframework.context.annotation.internalRequiredAnnotationProcessor,org.springframework.context.annotation.internalCommonAnnotationProcessor,org.springframework.aop.config.internalAutoProxyCreator]; root of factory hierarchy
2015-08-03 20:25:53,867 DEBUG (org.springframework.beans.factory.support.DefaultListableBeanFactory) - Creating shared instance of singleton bean 'org.springframework.context.annotation.internalConfigurationAnnotationProcessor'
2015-08-03 20:25:53,867 DEBUG (org.springframework.beans.factory.support.DefaultListableBeanFactory) - Creating instance of bean 'org.springframework.context.annotation.internalConfigurationAnnotationProcessor'
2015-08-03 20:25:53,906 DEBUG (org.springframework.beans.factory.support.DefaultListableBeanFactory) - Eagerly caching bean 'org.springframework.context.annotation.internalConfigurationAnnotationProcessor' to allow for resolving potential circular references
2015-08-03 20:25:53,908 DEBUG (org.springframework.beans.factory.support.DefaultListableBeanFactory) - Finished creating instance of bean 'org.springframework.context.annotation.internalConfigurationAnnotationProcessor'
2015-08-03 20:25:53,950 DEBUG (org.springframework.beans.factory.support.DefaultListableBeanFactory) - Creating shared instance of singleton bean 'org.springframework.context.annotation.internalAutowiredAnnotationProcessor'
2015-08-03 20:25:53,950 DEBUG (org.springframework.beans.factory.support.DefaultListableBeanFactory) - Creating instance of bean 'org.springframework.context.annotation.internalAutowiredAnnotationProcessor'
2015-08-03 20:25:53,952 DEBUG (org.springframework.beans.factory.support.DefaultListableBeanFactory) - Eagerly caching bean 'org.springframework.context.annotation.internalAutowiredAnnotationProcessor' to allow for resolving potential circular references
2015-08-03 20:25:53,952 DEBUG (org.springframework.beans.factory.support.DefaultListableBeanFactory) - Finished creating instance of bean 'org.springframework.context.annotation.internalAutowiredAnnotationProcessor'
2015-08-03 20:25:53,953 DEBUG (org.springframework.beans.factory.support.DefaultListableBeanFactory) - Creating shared instance of singleton bean 'org.springframework.context.annotation.internalRequiredAnnotationProcessor'
2015-08-03 20:25:53,953 DEBUG (org.springframework.beans.factory.support.DefaultListableBeanFactory) - Creating instance of bean 'org.springframework.context.annotation.internalRequiredAnnotationProcessor'
2015-08-03 20:25:53,954 DEBUG (org.springframework.beans.factory.support.DefaultListableBeanFactory) - Eagerly caching bean 'org.springframework.context.annotation.internalRequiredAnnotationProcessor' to allow for resolving potential circular references
2015-08-03 20:25:53,954 DEBUG (org.springframework.beans.factory.support.DefaultListableBeanFactory) - Finished creating instance of bean 'org.springframework.context.annotation.internalRequiredAnnotationProcessor'
2015-08-03 20:25:53,955 DEBUG (org.springframework.beans.factory.support.DefaultListableBeanFactory) - Creating shared instance of singleton bean 'org.springframework.context.annotation.internalCommonAnnotationProcessor'
2015-08-03 20:25:53,955 DEBUG (org.springframework.beans.factory.support.DefaultListableBeanFactory) - Creating instance of bean 'org.springframework.context.annotation.internalCommonAnnotationProcessor'
2015-08-03 20:25:53,962 DEBUG (org.springframework.beans.factory.support.DefaultListableBeanFactory) - Eagerly caching bean 'org.springframework.context.annotation.internalCommonAnnotationProcessor' to allow for resolving potential circular references
2015-08-03 20:25:53,962 DEBUG (org.springframework.beans.factory.support.DefaultListableBeanFactory) - Finished creating instance of bean 'org.springframework.context.annotation.internalCommonAnnotationProcessor'
2015-08-03 20:25:53,963 DEBUG (org.springframework.beans.factory.support.DefaultListableBeanFactory) - Creating shared instance of singleton bean 'org.springframework.context.annotation.ConfigurationClassPostProcessor.importAwareProcessor'
2015-08-03 20:25:53,963 DEBUG (org.springframework.beans.factory.support.DefaultListableBeanFactory) - Creating instance of bean 'org.springframework.context.annotation.ConfigurationClassPostProcessor.importAwareProcessor'
2015-08-03 20:25:53,963 DEBUG (org.springframework.beans.factory.support.DefaultListableBeanFactory) - Eagerly caching bean 'org.springframework.context.annotation.ConfigurationClassPostProcessor.importAwareProcessor' to allow for resolving potential circular references
2015-08-03 20:25:53,963 DEBUG (org.springframework.beans.factory.support.DefaultListableBeanFactory) - Finished creating instance of bean 'org.springframework.context.annotation.ConfigurationClassPostProcessor.importAwareProcessor'
2015-08-03 20:25:53,963 DEBUG (org.springframework.beans.factory.support.DefaultListableBeanFactory) - Creating shared instance of singleton bean 'org.springframework.context.annotation.ConfigurationClassPostProcessor.enhancedConfigurationProcessor'
2015-08-03 20:25:53,963 DEBUG (org.springframework.beans.factory.support.DefaultListableBeanFactory) - Creating instance of bean 'org.springframework.context.annotation.ConfigurationClassPostProcessor.enhancedConfigurationProcessor'
2015-08-03 20:25:53,963 DEBUG (org.springframework.beans.factory.support.DefaultListableBeanFactory) - Eagerly caching bean 'org.springframework.context.annotation.ConfigurationClassPostProcessor.enhancedConfigurationProcessor' to allow for resolving potential circular references
2015-08-03 20:25:53,964 DEBUG (org.springframework.beans.factory.support.DefaultListableBeanFactory) - Finished creating instance of bean 'org.springframework.context.annotation.ConfigurationClassPostProcessor.enhancedConfigurationProcessor'
2015-08-03 20:25:53,964 DEBUG (org.springframework.beans.factory.support.DefaultListableBeanFactory) - Creating shared instance of singleton bean 'org.springframework.aop.config.internalAutoProxyCreator'
2015-08-03 20:25:53,964 DEBUG (org.springframework.beans.factory.support.DefaultListableBeanFactory) - Creating instance of bean 'org.springframework.aop.config.internalAutoProxyCreator'
2015-08-03 20:25:54,011 DEBUG (org.springframework.beans.factory.support.DefaultListableBeanFactory) - Eagerly caching bean 'org.springframework.aop.config.internalAutoProxyCreator' to allow for resolving potential circular references
2015-08-03 20:25:54,056 DEBUG (org.springframework.beans.factory.support.DefaultListableBeanFactory) - Finished creating instance of bean 'org.springframework.aop.config.internalAutoProxyCreator'
2015-08-03 20:25:54,059 DEBUG (org.springframework.context.support.ClassPathXmlApplicationContext) - Unable to locate MessageSource with name 'messageSource': using default [org.springframework.context.support.DelegatingMessageSource@49d7fb83]
2015-08-03 20:25:54,061 DEBUG (org.springframework.context.support.ClassPathXmlApplicationContext) - Unable to locate ApplicationEventMulticaster with name 'applicationEventMulticaster': using default [org.springframework.context.event.SimpleApplicationEventMulticaster@6997863e]
2015-08-03 20:25:54,064 DEBUG (org.springframework.beans.factory.support.DefaultListableBeanFactory) - Pre-instantiating singletons in org.springframework.beans.factory.support.DefaultListableBeanFactory@29a3a9db: defining beans [authAspect,hello,logAspect,world,org.springframework.context.annotation.internalConfigurationAnnotationProcessor,org.springframework.context.annotation.internalAutowiredAnnotationProcessor,org.springframework.context.annotation.internalRequiredAnnotationProcessor,org.springframework.context.annotation.internalCommonAnnotationProcessor,org.springframework.aop.config.internalAutoProxyCreator,org.springframework.context.annotation.ConfigurationClassPostProcessor.importAwareProcessor,org.springframework.context.annotation.ConfigurationClassPostProcessor.enhancedConfigurationProcessor]; root of factory hierarchy
2015-08-03 20:25:54,064 DEBUG (org.springframework.beans.factory.support.DefaultListableBeanFactory) - Returning cached instance of singleton bean 'org.springframework.context.annotation.internalConfigurationAnnotationProcessor'
2015-08-03 20:25:54,064 DEBUG (org.springframework.beans.factory.support.DefaultListableBeanFactory) - Returning cached instance of singleton bean 'org.springframework.context.annotation.internalAutowiredAnnotationProcessor'
2015-08-03 20:25:54,064 DEBUG (org.springframework.beans.factory.support.DefaultListableBeanFactory) - Returning cached instance of singleton bean 'org.springframework.context.annotation.internalRequiredAnnotationProcessor'
2015-08-03 20:25:54,065 DEBUG (org.springframework.beans.factory.support.DefaultListableBeanFactory) - Returning cached instance of singleton bean 'org.springframework.context.annotation.internalCommonAnnotationProcessor'
2015-08-03 20:25:54,065 DEBUG (org.springframework.beans.factory.support.DefaultListableBeanFactory) - Returning cached instance of singleton bean 'org.springframework.aop.config.internalAutoProxyCreator'
2015-08-03 20:25:54,065 DEBUG (org.springframework.beans.factory.support.DefaultListableBeanFactory) - Returning cached instance of singleton bean 'org.springframework.context.annotation.ConfigurationClassPostProcessor.importAwareProcessor'
2015-08-03 20:25:54,065 DEBUG (org.springframework.beans.factory.support.DefaultListableBeanFactory) - Returning cached instance of singleton bean 'org.springframework.context.annotation.ConfigurationClassPostProcessor.enhancedConfigurationProcessor'
2015-08-03 20:25:54,066 DEBUG (org.springframework.context.support.ClassPathXmlApplicationContext) - Unable to locate LifecycleProcessor with name 'lifecycleProcessor': using default [org.springframework.context.support.DefaultLifecycleProcessor@3f9b2ca1]
2015-08-03 20:25:54,067 DEBUG (org.springframework.beans.factory.support.DefaultListableBeanFactory) - Returning cached instance of singleton bean 'lifecycleProcessor'
2015-08-03 20:25:54,069 DEBUG (org.springframework.core.env.PropertySourcesPropertyResolver) - Searching for key 'spring.liveBeansView.mbeanDomain' in [systemProperties]
2015-08-03 20:25:54,069 DEBUG (org.springframework.core.env.PropertySourcesPropertyResolver) - Searching for key 'spring.liveBeansView.mbeanDomain' in [systemEnvironment]
2015-08-03 20:25:54,070 DEBUG (org.springframework.core.env.PropertySourcesPropertyResolver) - Could not find key 'spring.liveBeansView.mbeanDomain' in any property source. Returning [null]
2015-08-03 20:25:54,070 DEBUG (org.springframework.beans.factory.support.DefaultListableBeanFactory) - Creating shared instance of singleton bean 'hello'
2015-08-03 20:25:54,071 DEBUG (org.springframework.beans.factory.support.DefaultListableBeanFactory) - Creating instance of bean 'hello'
2015-08-03 20:25:54,128 DEBUG (org.springframework.aop.aspectj.annotation.ReflectiveAspectJAdvisorFactory) - Found AspectJ method: public void springaop.AuthAspect.authority()
2015-08-03 20:25:54,141 DEBUG (org.springframework.aop.aspectj.annotation.ReflectiveAspectJAdvisorFactory) - Found AspectJ method: public void springaop.LogAspect.log(java.lang.Object)
2015-08-03 20:25:54,152 DEBUG (org.springframework.beans.factory.support.DefaultListableBeanFactory) - Eagerly caching bean 'hello' to allow for resolving potential circular references
2015-08-03 20:25:54,323 DEBUG (org.springframework.aop.aspectj.annotation.AnnotationAwareAspectJAutoProxyCreator) - Creating implicit proxy for bean 'hello' with 0 common interceptors and 3 specific interceptors
2015-08-03 20:25:54,326 DEBUG (org.springframework.aop.framework.JdkDynamicAopProxy) - Creating JDK dynamic proxy: target source is SingletonTargetSource for target object [springaop.HelloImpl@1caee5f7]
2015-08-03 20:25:54,334 DEBUG (org.springframework.beans.factory.support.DefaultListableBeanFactory) - Finished creating instance of bean 'hello'
2015-08-03 20:25:54,341 DEBUG (org.springframework.beans.factory.support.DefaultListableBeanFactory) - Creating shared instance of singleton bean 'authAspect'
2015-08-03 20:25:54,342 DEBUG (org.springframework.beans.factory.support.DefaultListableBeanFactory) - Creating instance of bean 'authAspect'
2015-08-03 20:25:54,342 DEBUG (org.springframework.beans.factory.support.DefaultListableBeanFactory) - Eagerly caching bean 'authAspect' to allow for resolving potential circular references
2015-08-03 20:25:54,344 DEBUG (org.springframework.beans.factory.support.DefaultListableBeanFactory) - Finished creating instance of bean 'authAspect'
2015-08-03 20:25:54,345 DEBUG (org.springframework.beans.factory.support.DefaultListableBeanFactory) - Creating shared instance of singleton bean 'logAspect'
2015-08-03 20:25:54,345 DEBUG (org.springframework.beans.factory.support.DefaultListableBeanFactory) - Creating instance of bean 'logAspect'
2015-08-03 20:25:54,346 DEBUG (org.springframework.beans.factory.support.DefaultListableBeanFactory) - Eagerly caching bean 'logAspect' to allow for resolving potential circular references
2015-08-03 20:25:54,348 DEBUG (org.springframework.beans.factory.support.DefaultListableBeanFactory) - Finished creating instance of bean 'logAspect'
2015-08-03 20:25:54,349 INFO  (springaop.LogAspect) - Log function...null
2015-08-03 20:25:54,349 INFO  (springaop.LogAspect) - Log function...20
2015-08-03 20:25:54,350 DEBUG (org.springframework.beans.factory.support.DefaultListableBeanFactory) - Creating shared instance of singleton bean 'world'
2015-08-03 20:25:54,350 DEBUG (org.springframework.beans.factory.support.DefaultListableBeanFactory) - Creating instance of bean 'world'
2015-08-03 20:25:54,350 DEBUG (org.springframework.beans.factory.support.DefaultListableBeanFactory) - Eagerly caching bean 'world' to allow for resolving potential circular references
2015-08-03 20:25:54,352 DEBUG (org.springframework.aop.aspectj.annotation.AnnotationAwareAspectJAutoProxyCreator) - Creating implicit proxy for bean 'world' with 0 common interceptors and 3 specific interceptors
2015-08-03 20:25:54,352 DEBUG (org.springframework.aop.framework.JdkDynamicAopProxy) - Creating JDK dynamic proxy: target source is SingletonTargetSource for target object [springaop.WorldImpl@17e87b37]
2015-08-03 20:25:54,357 DEBUG (org.springframework.beans.factory.support.DefaultListableBeanFactory) - Finished creating instance of bean 'world'
2015-08-03 20:25:54,357 INFO  (springaop.LogAspect) - Log function...null
